2020-11-30T21:18:48.762563Z 0 [Warning] TIMESTAMP with implicit DEFAULT value is deprecated. Please use --explicit_defaults_for_timestamp server option (see documentation for more details).
2020-11-30T21:18:48.762563Z 0 [Warning] 'NO_ZERO_DATE', 'NO_ZERO_IN_DATE' and 'ERROR_FOR_DIVISION_BY_ZERO' sql modes should be used with strict mode. They will be merged with strict mode in a future release.
2020-11-30T21:18:48.762563Z 0 [Warning] 'NO_AUTO_CREATE_USER' sql mode was not set.
2020-11-30T21:18:48.762563Z 0 [Note] --secure-file-priv is set to NULL. Operations related to importing and exporting data are disabled
2020-11-30T21:18:48.763563Z 0 [ERROR] Cannot open Windows EventLog; check privileges, or start server with --log_syslog=0
2020-11-30T21:18:48.763563Z 0 [Note] C:\Program Files (x86)\EasyPHP-Devserver-17\eds-binaries\dbserver\mysql5717x86x201130231812\bin\eds-dbserver.exe (mysqld 5.7.17) starting as process 14104 ...
2020-11-30T21:20:07.910251Z 0 [Warning] TIMESTAMP with implicit DEFAULT value is deprecated. Please use --explicit_defaults_for_timestamp server option (see documentation for more details).
2020-11-30T21:20:07.910251Z 0 [Warning] 'NO_ZERO_DATE', 'NO_ZERO_IN_DATE' and 'ERROR_FOR_DIVISION_BY_ZERO' sql modes should be used with strict mode. They will be merged with strict mode in a future release.
2020-11-30T21:20:07.910251Z 0 [Warning] 'NO_AUTO_CREATE_USER' sql mode was not set.
2020-11-30T21:20:07.910251Z 0 [Note] --secure-file-priv is set to NULL. Operations related to importing and exporting data are disabled
2020-11-30T21:20:07.911244Z 0 [ERROR] Cannot open Windows EventLog; check privileges, or start server with --log_syslog=0
2020-11-30T21:20:07.911244Z 0 [Note] C:\Program Files (x86)\EasyPHP-Devserver-17\eds-binaries\dbserver\mysql5717x86x201130231812\bin\eds-dbserver.exe (mysqld 5.7.17) starting as process 46012 ...
2020-11-30T21:25:18.532124Z 0 [Warning] TIMESTAMP with implicit DEFAULT value is deprecated. Please use --explicit_defaults_for_timestamp server option (see documentation for more details).
2020-11-30T21:25:18.532124Z 0 [Warning] 'NO_ZERO_DATE', 'NO_ZERO_IN_DATE' and 'ERROR_FOR_DIVISION_BY_ZERO' sql modes should be used with strict mode. They will be merged with strict mode in a future release.
2020-11-30T21:25:18.532124Z 0 [Warning] 'NO_AUTO_CREATE_USER' sql mode was not set.
2020-11-30T21:25:18.532124Z 0 [Note] --secure-file-priv is set to NULL. Operations related to importing and exporting data are disabled
2020-11-30T21:25:18.779477Z 0 [Note] C:\Program Files (x86)\EasyPHP-Devserver-17\eds-binaries\dbserver\mysql5717x86x201130231812\bin\eds-dbserver.exe (mysqld 5.7.17) starting as process 43352 ...
2020-12-01T07:43:06.213671Z 0 [Warning] TIMESTAMP with implicit DEFAULT value is deprecated. Please use --explicit_defaults_for_timestamp server option (see documentation for more details).
2020-12-01T07:43:06.213671Z 0 [Warning] 'NO_ZERO_DATE', 'NO_ZERO_IN_DATE' and 'ERROR_FOR_DIVISION_BY_ZERO' sql modes should be used with strict mode. They will be merged with strict mode in a future release.
2020-12-01T07:43:06.213671Z 0 [Warning] 'NO_AUTO_CREATE_USER' sql mode was not set.
2020-12-01T07:43:06.213671Z 0 [Note] --secure-file-priv is set to NULL. Operations related to importing and exporting data are disabled
2020-12-01T07:43:06.214669Z 0 [Note] C:\Program Files (x86)\EasyPHP-Devserver-17\eds-binaries\dbserver\mysql5717x86x201130231812\bin\eds-dbserver.exe (mysqld 5.7.17) starting as process 9180 ...
2020-12-02T16:25:45.851992Z 0 [Warning] TIMESTAMP with implicit DEFAULT value is deprecated. Please use --explicit_defaults_for_timestamp server option (see documentation for more details).
2020-12-02T16:25:45.851992Z 0 [Warning] 'NO_ZERO_DATE', 'NO_ZERO_IN_DATE' and 'ERROR_FOR_DIVISION_BY_ZERO' sql modes should be used with strict mode. They will be merged with strict mode in a future release.
2020-12-02T16:25:45.851992Z 0 [Warning] 'NO_AUTO_CREATE_USER' sql mode was not set.
2020-12-02T16:25:45.851992Z 0 [Note] --secure-file-priv is set to NULL. Operations related to importing and exporting data are disabled
2020-12-02T16:25:45.852991Z 0 [Note] C:\Program Files (x86)\EasyPHP-Devserver-17\eds-binaries\dbserver\mysql5717x86x201130231812\bin\eds-dbserver.exe (mysqld 5.7.17) starting as process 9160 ...
2020-12-03T17:23:35.232328Z 0 [Warning] TIMESTAMP with implicit DEFAULT value is deprecated. Please use --explicit_defaults_for_timestamp server option (see documentation for more details).
2020-12-03T17:23:35.233424Z 0 [Warning] 'NO_ZERO_DATE', 'NO_ZERO_IN_DATE' and 'ERROR_FOR_DIVISION_BY_ZERO' sql modes should be used with strict mode. They will be merged with strict mode in a future release.
2020-12-03T17:23:35.233424Z 0 [Warning] 'NO_AUTO_CREATE_USER' sql mode was not set.
2020-12-03T17:23:35.233424Z 0 [Note] --secure-file-priv is set to NULL. Operations related to importing and exporting data are disabled
2020-12-03T17:23:35.234365Z 0 [Note] C:\Program Files (x86)\EasyPHP-Devserver-17\eds-binaries\dbserver\mysql5717x86x201130231812\bin\eds-dbserver.exe (mysqld 5.7.17) starting as process 3240 ...
2020-12-04T19:26:33.391240Z 0 [Warning] TIMESTAMP with implicit DEFAULT value is deprecated. Please use --explicit_defaults_for_timestamp server option (see documentation for more details).
2020-12-04T19:26:33.392196Z 0 [Warning] 'NO_ZERO_DATE', 'NO_ZERO_IN_DATE' and 'ERROR_FOR_DIVISION_BY_ZERO' sql modes should be used with strict mode. They will be merged with strict mode in a future release.
2020-12-04T19:26:33.392196Z 0 [Warning] 'NO_AUTO_CREATE_USER' sql mode was not set.
2020-12-04T19:26:33.392196Z 0 [Note] --secure-file-priv is set to NULL. Operations related to importing and exporting data are disabled
2020-12-04T19:26:33.534138Z 0 [Note] C:\Users\nicol\homevault_server_easyphp\eds-binaries\dbserver\mysql5717x86x201130231812\bin\eds-dbserver.exe (mysqld 5.7.17) starting as process 12744 ...
2020-12-05T11:58:19.778520Z 0 [Warning] TIMESTAMP with implicit DEFAULT value is deprecated. Please use --explicit_defaults_for_timestamp server option (see documentation for more details).
2020-12-05T11:58:19.779521Z 0 [Warning] 'NO_ZERO_DATE', 'NO_ZERO_IN_DATE' and 'ERROR_FOR_DIVISION_BY_ZERO' sql modes should be used with strict mode. They will be merged with strict mode in a future release.
2020-12-05T11:58:19.779521Z 0 [Warning] 'NO_AUTO_CREATE_USER' sql mode was not set.
2020-12-05T11:58:19.779521Z 0 [Note] --secure-file-priv is set to NULL. Operations related to importing and exporting data are disabled
2020-12-05T11:58:20.095218Z 0 [Note] C:\Users\Nicola\homevault_server_easyphp\eds-binaries\dbserver\mysql5717x86x201130231812\bin\eds-dbserver.exe (mysqld 5.7.17) starting as process 29776 ...
2020-12-08T16:48:07.023030Z 0 [Warning] TIMESTAMP with implicit DEFAULT value is deprecated. Please use --explicit_defaults_for_timestamp server option (see documentation for more details).
2020-12-08T16:48:07.023030Z 0 [Warning] 'NO_ZERO_DATE', 'NO_ZERO_IN_DATE' and 'ERROR_FOR_DIVISION_BY_ZERO' sql modes should be used with strict mode. They will be merged with strict mode in a future release.
2020-12-08T16:48:07.023030Z 0 [Warning] 'NO_AUTO_CREATE_USER' sql mode was not set.
2020-12-08T16:48:07.023030Z 0 [Note] --secure-file-priv is set to NULL. Operations related to importing and exporting data are disabled
2020-12-08T16:48:07.024026Z 0 [Note] C:\Program Files (x86)\EasyPHP-Devserver-17\eds-binaries\dbserver\mysql5717x86x201130231812\bin\eds-dbserver.exe (mysqld 5.7.17) starting as process 40448 ...
2020-12-10T16:21:43.884406Z 0 [Warning] TIMESTAMP with implicit DEFAULT value is deprecated. Please use --explicit_defaults_for_timestamp server option (see documentation for more details).
2020-12-10T16:21:43.885442Z 0 [Warning] 'NO_ZERO_DATE', 'NO_ZERO_IN_DATE' and 'ERROR_FOR_DIVISION_BY_ZERO' sql modes should be used with strict mode. They will be merged with strict mode in a future release.
2020-12-10T16:21:43.885442Z 0 [Warning] 'NO_AUTO_CREATE_USER' sql mode was not set.
2020-12-10T16:21:43.885442Z 0 [Note] --secure-file-priv is set to NULL. Operations related to importing and exporting data are disabled
2020-12-10T16:21:43.886450Z 0 [Note] C:\Program Files (x86)\EasyPHP-Devserver-17\eds-binaries\dbserver\mysql5717x86x201130231812\bin\eds-dbserver.exe (mysqld 5.7.17) starting as process 13160 ...
2020-12-10T17:52:21.698447Z 0 [Warning] TIMESTAMP with implicit DEFAULT value is deprecated. Please use --explicit_defaults_for_timestamp server option (see documentation for more details).
2020-12-10T17:52:21.698447Z 0 [Warning] 'NO_ZERO_DATE', 'NO_ZERO_IN_DATE' and 'ERROR_FOR_DIVISION_BY_ZERO' sql modes should be used with strict mode. They will be merged with strict mode in a future release.
2020-12-10T17:52:21.698447Z 0 [Warning] 'NO_AUTO_CREATE_USER' sql mode was not set.
2020-12-10T17:52:21.698447Z 0 [Note] --secure-file-priv is set to NULL. Operations related to importing and exporting data are disabled
2020-12-10T17:52:21.699447Z 0 [Note] C:\Program Files (x86)\EasyPHP-Devserver-17\eds-binaries\dbserver\mysql5717x86x201130231812\bin\eds-dbserver.exe (mysqld 5.7.17) starting as process 5920 ...
2020-12-11T14:48:46.170688Z 0 [Warning] TIMESTAMP with implicit DEFAULT value is deprecated. Please use --explicit_defaults_for_timestamp server option (see documentation for more details).
2020-12-11T14:48:46.170688Z 0 [Warning] 'NO_ZERO_DATE', 'NO_ZERO_IN_DATE' and 'ERROR_FOR_DIVISION_BY_ZERO' sql modes should be used with strict mode. They will be merged with strict mode in a future release.
2020-12-11T14:48:46.170688Z 0 [Warning] 'NO_AUTO_CREATE_USER' sql mode was not set.
2020-12-11T14:48:46.170688Z 0 [Note] --secure-file-priv is set to NULL. Operations related to importing and exporting data are disabled
2020-12-11T14:48:46.171689Z 0 [Note] C:\Program Files (x86)\EasyPHP-Devserver-17\eds-binaries\dbserver\mysql5717x86x201130231812\bin\eds-dbserver.exe (mysqld 5.7.17) starting as process 50752 ...
2021-01-11T14:01:28.450672Z 0 [Warning] TIMESTAMP with implicit DEFAULT value is deprecated. Please use --explicit_defaults_for_timestamp server option (see documentation for more details).
2021-01-11T14:01:28.451672Z 0 [Warning] 'NO_ZERO_DATE', 'NO_ZERO_IN_DATE' and 'ERROR_FOR_DIVISION_BY_ZERO' sql modes should be used with strict mode. They will be merged with strict mode in a future release.
2021-01-11T14:01:28.451672Z 0 [Warning] 'NO_AUTO_CREATE_USER' sql mode was not set.
2021-01-11T14:01:28.451672Z 0 [Note] --secure-file-priv is set to NULL. Operations related to importing and exporting data are disabled
2021-01-11T14:01:28.452703Z 0 [Note] C:\Program Files (x86)\EasyPHP-Devserver-17\eds-binaries\dbserver\mysql5717x86x201130231812\bin\eds-dbserver.exe (mysqld 5.7.17) starting as process 24128 ...
2021-01-28T16:33:28.648800Z 0 [Warning] TIMESTAMP with implicit DEFAULT value is deprecated. Please use --explicit_defaults_for_timestamp server option (see documentation for more details).
2021-01-28T16:33:28.648800Z 0 [Warning] 'NO_ZERO_DATE', 'NO_ZERO_IN_DATE' and 'ERROR_FOR_DIVISION_BY_ZERO' sql modes should be used with strict mode. They will be merged with strict mode in a future release.
2021-01-28T16:33:28.648800Z 0 [Warning] 'NO_AUTO_CREATE_USER' sql mode was not set.
2021-01-28T16:33:28.648800Z 0 [Note] --secure-file-priv is set to NULL. Operations related to importing and exporting data are disabled
2021-01-28T16:33:28.649811Z 0 [Note] C:\Program Files (x86)\EasyPHP-Devserver-17\eds-binaries\dbserver\mysql5717x86x201130231812\bin\eds-dbserver.exe (mysqld 5.7.17) starting as process 25116 ...
2021-02-02T16:57:32.066692Z 0 [Warning] TIMESTAMP with implicit DEFAULT value is deprecated. Please use --explicit_defaults_for_timestamp server option (see documentation for more details).
2021-02-02T16:57:32.067766Z 0 [Warning] 'NO_ZERO_DATE', 'NO_ZERO_IN_DATE' and 'ERROR_FOR_DIVISION_BY_ZERO' sql modes should be used with strict mode. They will be merged with strict mode in a future release.
2021-02-02T16:57:32.067766Z 0 [Warning] 'NO_AUTO_CREATE_USER' sql mode was not set.
2021-02-02T16:57:32.067766Z 0 [Note] --secure-file-priv is set to NULL. Operations related to importing and exporting data are disabled
2021-02-02T16:57:32.068750Z 0 [Note] C:\Program Files (x86)\EasyPHP-Devserver-17\eds-binaries\dbserver\mysql5717x86x201130231812\bin\eds-dbserver.exe (mysqld 5.7.17) starting as process 29088 ...
2021-02-02T17:22:13.060645Z 0 [Warning] TIMESTAMP with implicit DEFAULT value is deprecated. Please use --explicit_defaults_for_timestamp server option (see documentation for more details).
2021-02-02T17:22:13.060645Z 0 [Warning] 'NO_ZERO_DATE', 'NO_ZERO_IN_DATE' and 'ERROR_FOR_DIVISION_BY_ZERO' sql modes should be used with strict mode. They will be merged with strict mode in a future release.
2021-02-02T17:22:13.060645Z 0 [Warning] 'NO_AUTO_CREATE_USER' sql mode was not set.
2021-02-02T17:22:13.060645Z 0 [Note] --secure-file-priv is set to NULL. Operations related to importing and exporting data are disabled
2021-02-02T17:22:13.060645Z 0 [Note] C:\Program Files (x86)\EasyPHP-Devserver-17\eds-binaries\dbserver\mysql5717x86x201130231812\bin\eds-dbserver.exe (mysqld 5.7.17) starting as process 14932 ...
2021-02-08T09:58:56.134554Z 0 [Warning] TIMESTAMP with implicit DEFAULT value is deprecated. Please use --explicit_defaults_for_timestamp server option (see documentation for more details).
2021-02-08T09:58:56.134554Z 0 [Warning] 'NO_ZERO_DATE', 'NO_ZERO_IN_DATE' and 'ERROR_FOR_DIVISION_BY_ZERO' sql modes should be used with strict mode. They will be merged with strict mode in a future release.
2021-02-08T09:58:56.134554Z 0 [Warning] 'NO_AUTO_CREATE_USER' sql mode was not set.
2021-02-08T09:58:56.134554Z 0 [Note] --secure-file-priv is set to NULL. Operations related to importing and exporting data are disabled
2021-02-08T09:58:56.136554Z 0 [Note] C:\Program Files (x86)\EasyPHP-Devserver-17\eds-binaries\dbserver\mysql5717x86x201130231812\bin\eds-dbserver.exe (mysqld 5.7.17) starting as process 12716 ...
